0 info it worked if it ends with ok
1 verbose cli [ '/usr/bin/nodejs', '/usr/bin/npm', 'start' ]
2 info using npm@2.15.9
3 info using node@v4.5.0
4 verbose run-script [ 'prestart', 'start', 'poststart' ]
5 info prestart botman@
6 info start botman@
7 verbose unsafe-perm in lifecycle true
8 info botman@ Failed to exec start script
9 verbose stack Error: botman@ start: `meteor run --settings settings-development.json`
9 verbose stack Exit status 1
9 verbose stack     at EventEmitter.<anonymous> (/usr/lib/node_modules/npm/lib/utils/lifecycle.js:217:16)
9 verbose stack     at emitTwo (events.js:87:13)
9 verbose stack     at EventEmitter.emit (events.js:172:7)
9 verbose stack     at ChildProcess.<anonymous> (/usr/lib/node_modules/npm/lib/utils/spawn.js:24:14)
9 verbose stack     at emitTwo (events.js:87:13)
9 verbose stack     at ChildProcess.emit (events.js:172:7)
9 verbose stack     at maybeClose (internal/child_process.js:829:16)
9 verbose stack     at Process.ChildProcess._handle.onexit (internal/child_process.js:211:5)
10 verbose pkgid botman@
11 verbose cwd /home/arturs/git/botman
12 error Linux 4.4.0-34-generic
13 error argv "/usr/bin/nodejs" "/usr/bin/npm" "start"
14 error node v4.5.0
15 error npm  v2.15.9
16 error code ELIFECYCLE
17 error botman@ start: `meteor run --settings settings-development.json`
17 error Exit status 1
18 error Failed at the botman@ start script 'meteor run --settings settings-development.json'.
18 error This is most likely a problem with the botman package,
18 error not with npm itself.
18 error Tell the author that this fails on your system:
18 error     meteor run --settings settings-development.json
18 error You can get information on how to open an issue for this project with:
18 error     npm bugs botman
18 error Or if that isn't available, you can get their info via:
18 error
18 error     npm owner ls botman
18 error There is likely additional logging output above.
19 verbose exit [ 1, true ]
